<?xml version="1.0" encoding="UTF-8"?>
<!-- Generated by org.testng.reporters.JUnitReportReporter -->
<testsuite hostname="DESKTOP-8U6D3I4" failures="0" tests="1" name="jenkins.Tc3test" time="0.013" errors="0" timestamp="2023-01-09T02:55:24 PST" skipped="0">
  <testcase classname="jenkins.Tc3test" name="m3" time="0.013"/>
  <system-out/>
</testsuite> <!-- jenkins.Tc3test -->
